[INFO] 2025-11-24 06:06:15 [SCRAPER:scraper_manager.aviation] === SCRAPER EXECUTION START === Job ID: 21
[INFO] 2025-11-24 06:06:15 [SCRAPER:scraper_manager.aviation] Parameters: max_pages=1, max_jobs=3
[INFO] 2025-11-24 06:06:25 [SCRAPER:scraper_manager.aviation] === SCRAPER EXECUTION START === Job ID: 22
[INFO] 2025-11-24 06:06:25 [SCRAPER:scraper_manager.aviation] Parameters: max_pages=1, max_jobs=3
[INFO] 2025-11-24 06:08:18 [SCRAPER:scraper_manager.aviation] === SCRAPER EXECUTION END === Job ID: 21
[INFO] 2025-11-24 06:08:18 [SCRAPER:scraper_manager.aviation] Results: 3 jobs found, 0 new, 0 updated, 3 duplicates
[INFO] 2025-11-24 06:08:18 [SCRAPER:scraper_manager.aviation] Execution time: 122.87s
[INFO] 2025-11-24 06:08:32 [SCRAPER:scraper_manager.aviation] === SCRAPER EXECUTION END === Job ID: 22
[INFO] 2025-11-24 06:08:32 [SCRAPER:scraper_manager.aviation] Results: 3 jobs found, 0 new, 0 updated, 3 duplicates
[INFO] 2025-11-24 06:08:32 [SCRAPER:scraper_manager.aviation] Execution time: 127.60s
[INFO] 2025-11-24 10:23:47 [SCRAPER:scraper_manager.aviation] === SCRAPER EXECUTION START === Job ID: 24
[INFO] 2025-11-24 10:23:47 [SCRAPER:scraper_manager.aviation] Parameters: max_pages=1, max_jobs=25
[INFO] 2025-11-24 10:44:26 [SCRAPER:scraper_manager.aviation] === SCRAPER EXECUTION START === Job ID: 25
[INFO] 2025-11-24 10:44:26 [SCRAPER:scraper_manager.aviation] Parameters: max_pages=2, max_jobs=5
[INFO] 2025-11-24 10:44:55 [SCRAPER:scraper_manager.aviation] === SCRAPER EXECUTION END === Job ID: 25
[INFO] 2025-11-24 10:44:55 [SCRAPER:scraper_manager.aviation] Results: 5 jobs found, 5 new, 0 updated, 0 duplicates
[INFO] 2025-11-24 10:44:55 [SCRAPER:scraper_manager.aviation] Execution time: 28.51s
[INFO] 2025-11-24 10:46:04 [SCRAPER:scraper_manager.aviation] === SCRAPER EXECUTION START === Job ID: 28
[INFO] 2025-11-24 10:46:04 [SCRAPER:scraper_manager.aviation] Parameters: max_pages=1, max_jobs=2
[INFO] 2025-11-24 10:46:19 [SCRAPER:scraper_manager.aviation] === SCRAPER EXECUTION END === Job ID: 28
[INFO] 2025-11-24 10:46:19 [SCRAPER:scraper_manager.aviation] Results: 2 jobs found, 0 new, 0 updated, 2 duplicates
[INFO] 2025-11-24 10:46:19 [SCRAPER:scraper_manager.aviation] Execution time: 15.27s
