[ERROR] 2025-11-24 10:21:37 [scraper_manager] services._run:215 - Async scraper execution failed: ScraperJob matching query does not exist.
Traceback (most recent call last):
  File "/home/rajat/Desktop/AeroOps Intel/aeroScrap_backend/backendMain/scraper_manager/services.py", line 212, in _run
    job = ScraperJob.objects.get(id=job_id)
          ^^^^^^^^^^^^^^^^^^^^^^^^^^^^^^^^^
  File "/home/rajat/Desktop/AeroOps Intel/aeroScrap_backend/backendMain/.venv/lib/python3.12/site-packages/django/db/models/manager.py", line 87, in manager_method
    return getattr(self.get_queryset(), name)(*args, **kwargs)
           ^^^^^^^^^^^^^^^^^^^^^^^^^^^^^^^^^^^^^^^^^^^^^^^^^^^
  File "/home/rajat/Desktop/AeroOps Intel/aeroScrap_backend/backendMain/.venv/lib/python3.12/site-packages/django/db/models/query.py", line 651, in get
    raise self.model.DoesNotExist(
scraper_manager.models.ScraperJob.DoesNotExist: ScraperJob matching query does not exist.
[ERROR] 2025-11-24 11:09:15 [scraper_manager] services._run:238 - Async scraper execution failed: ScraperJob matching query does not exist.
Traceback (most recent call last):
  File "/home/rajat/Desktop/AeroOps Intel/aeroScrap_backend/backendMain/scraper_manager/services.py", line 235, in _run
    job = ScraperJob.objects.get(id=job_id)
          ^^^^^^^^^^^^^^^^^^^^^^^^^^^^^^^^^
  File "/home/rajat/Desktop/AeroOps Intel/aeroScrap_backend/backendMain/.venv/lib/python3.12/site-packages/django/db/models/manager.py", line 87, in manager_method
    return getattr(self.get_queryset(), name)(*args, **kwargs)
           ^^^^^^^^^^^^^^^^^^^^^^^^^^^^^^^^^^^^^^^^^^^^^^^^^^^
  File "/home/rajat/Desktop/AeroOps Intel/aeroScrap_backend/backendMain/.venv/lib/python3.12/site-packages/django/db/models/query.py", line 651, in get
    raise self.model.DoesNotExist(
scraper_manager.models.ScraperJob.DoesNotExist: ScraperJob matching query does not exist.
