[INFO] 2025-11-24 06:06:15 [SCRAPER:scraper_manager] Starting scraper: aviation (Job ID: 21)
[INFO] 2025-11-24 06:06:25 [SCRAPER:scraper_manager] Starting scraper: aviation (Job ID: 22)
[INFO] 2025-11-24 06:08:18 [SCRAPER:scraper_manager] Job save stats - New: 0, Updated: 0, Duplicates: 3, Errors: 0
[INFO] 2025-11-24 06:08:18 [SCRAPER:scraper_manager] Scraper aviation completed: 3 jobs found, 0 new, 0 updated, 3 duplicates
[INFO] 2025-11-24 06:08:32 [SCRAPER:scraper_manager] Job save stats - New: 0, Updated: 0, Duplicates: 3, Errors: 0
[INFO] 2025-11-24 06:08:32 [SCRAPER:scraper_manager] Scraper aviation completed: 3 jobs found, 0 new, 0 updated, 3 duplicates
[ERROR] 2025-11-24 10:21:37 [SCRAPER:scraper_manager] Async scraper execution failed: ScraperJob matching query does not exist.
Traceback (most recent call last):
  File "/home/rajat/Desktop/AeroOps Intel/aeroScrap_backend/backendMain/scraper_manager/services.py", line 212, in _run
    job = ScraperJob.objects.get(id=job_id)
          ^^^^^^^^^^^^^^^^^^^^^^^^^^^^^^^^^
  File "/home/rajat/Desktop/AeroOps Intel/aeroScrap_backend/backendMain/.venv/lib/python3.12/site-packages/django/db/models/manager.py", line 87, in manager_method
    return getattr(self.get_queryset(), name)(*args, **kwargs)
           ^^^^^^^^^^^^^^^^^^^^^^^^^^^^^^^^^^^^^^^^^^^^^^^^^^^
  File "/home/rajat/Desktop/AeroOps Intel/aeroScrap_backend/backendMain/.venv/lib/python3.12/site-packages/django/db/models/query.py", line 651, in get
    raise self.model.DoesNotExist(
scraper_manager.models.ScraperJob.DoesNotExist: ScraperJob matching query does not exist.
[INFO] 2025-11-24 10:23:47 [SCRAPER:scraper_manager] Starting scraper: aviation (Job ID: 24)
[INFO] 2025-11-24 10:44:26 [SCRAPER:scraper_manager] Starting scraper: aviation (Job ID: 25)
[INFO] 2025-11-24 10:44:55 [SCRAPER:scraper_manager] Job save stats - New: 5, Updated: 0, Duplicates: 0, Errors: 0
[INFO] 2025-11-24 10:44:55 [SCRAPER:scraper_manager] Scraper aviation completed: 5 jobs found, 5 new, 0 updated, 0 duplicates
[INFO] 2025-11-24 10:44:55 [SCRAPER:scraper_manager] Starting scraper: airindia (Job ID: 26)
[INFO] 2025-11-24 10:45:05 [SCRAPER:scraper_manager] Job save stats - New: 0, Updated: 3, Duplicates: 0, Errors: 0
[INFO] 2025-11-24 10:45:05 [SCRAPER:scraper_manager] Scraper airindia completed: 3 jobs found, 0 new, 3 updated, 0 duplicates
[INFO] 2025-11-24 10:45:05 [SCRAPER:scraper_manager] Starting scraper: linkedin (Job ID: 27)
[INFO] 2025-11-24 10:46:04 [SCRAPER:scraper_manager] Job save stats - New: 3, Updated: 0, Duplicates: 0, Errors: 0
[INFO] 2025-11-24 10:46:04 [SCRAPER:scraper_manager] Scraper linkedin completed: 3 jobs found, 3 new, 0 updated, 0 duplicates
[INFO] 2025-11-24 10:46:04 [SCRAPER:scraper_manager] Created thread pool for scraping operations
[INFO] 2025-11-24 10:46:04 [SCRAPER:scraper_manager] Submitted scraper aviation (job_id=28) to thread pool
[INFO] 2025-11-24 10:46:04 [SCRAPER:scraper_manager] Starting scraper: aviation (Job ID: 28)
[INFO] 2025-11-24 10:46:19 [SCRAPER:scraper_manager] Job save stats - New: 0, Updated: 0, Duplicates: 2, Errors: 0
[INFO] 2025-11-24 10:46:19 [SCRAPER:scraper_manager] Scraper aviation completed: 2 jobs found, 0 new, 0 updated, 2 duplicates
[INFO] 2025-11-24 11:09:15 [SCRAPER:scraper_manager] Created thread pool for scraping operations
[INFO] 2025-11-24 11:09:15 [SCRAPER:scraper_manager] Submitted scraper aviation (job_id=None) to thread pool
[ERROR] 2025-11-24 11:09:15 [SCRAPER:scraper_manager] Async scraper execution failed: ScraperJob matching query does not exist.
Traceback (most recent call last):
  File "/home/rajat/Desktop/AeroOps Intel/aeroScrap_backend/backendMain/scraper_manager/services.py", line 235, in _run
    job = ScraperJob.objects.get(id=job_id)
          ^^^^^^^^^^^^^^^^^^^^^^^^^^^^^^^^^
  File "/home/rajat/Desktop/AeroOps Intel/aeroScrap_backend/backendMain/.venv/lib/python3.12/site-packages/django/db/models/manager.py", line 87, in manager_method
    return getattr(self.get_queryset(), name)(*args, **kwargs)
           ^^^^^^^^^^^^^^^^^^^^^^^^^^^^^^^^^^^^^^^^^^^^^^^^^^^
  File "/home/rajat/Desktop/AeroOps Intel/aeroScrap_backend/backendMain/.venv/lib/python3.12/site-packages/django/db/models/query.py", line 651, in get
    raise self.model.DoesNotExist(
scraper_manager.models.ScraperJob.DoesNotExist: ScraperJob matching query does not exist.
[INFO] 2025-11-24 11:10:37 [SCRAPER:scraper_manager] Auto-created company mapping: Test Airlines 1212 (needs review)
[INFO] 2025-11-24 11:17:02 [SCRAPER:scraper_manager] Auto-created company mapping: Test Airlines 8118 (needs review) - Linked 1 jobs
[INFO] 2025-11-24 11:17:47 [SCRAPER:scraper_manager] Auto-created company mapping: Existing Company 15938 (needs review) - Linked 3 jobs
[INFO] 2025-11-24 11:26:08 [SCRAPER:scraper_manager] Auto-created company mapping: Unknown (needs review) - Linked 1 jobs
[INFO] 2025-11-24 11:26:08 [SCRAPER:scraper_manager] Job save stats - New: 25, Updated: 0, Duplicates: 0, Errors: 0
[INFO] 2025-11-24 11:30:17 [SCRAPER:scraper_manager] Auto-created company mapping: Lupos Global Limited (needs review) - Linked 1 jobs
[INFO] 2025-11-24 11:30:17 [SCRAPER:scraper_manager] Auto-created company mapping: Aeroprofessional Ltd (needs review) - Linked 1 jobs
[INFO] 2025-11-24 11:30:17 [SCRAPER:scraper_manager] Auto-created company mapping: ZENON (needs review) - Linked 1 jobs
[INFO] 2025-11-24 11:30:17 [SCRAPER:scraper_manager] Auto-created company mapping: Volantes Technical Recruitment Ltd (needs review) - Linked 1 jobs
[INFO] 2025-11-24 11:30:17 [SCRAPER:scraper_manager] Auto-created company mapping: Aeropeople Ltd (needs review) - Linked 1 jobs
[INFO] 2025-11-24 11:30:17 [SCRAPER:scraper_manager] Auto-created company mapping: Baseline Aviation Services (needs review) - Linked 1 jobs
[INFO] 2025-11-24 11:30:17 [SCRAPER:scraper_manager] Auto-created company mapping: Excel Technical Consulting (needs review) - Linked 1 jobs
[INFO] 2025-11-24 11:30:17 [SCRAPER:scraper_manager] Auto-created company mapping: Mane Contract Services (needs review) - Linked 1 jobs
[INFO] 2025-11-24 11:30:17 [SCRAPER:scraper_manager] Auto-created company mapping: First People Solutions Limited (needs review) - Linked 1 jobs
[INFO] 2025-11-24 11:30:17 [SCRAPER:scraper_manager] Auto-created company mapping: AIR FRANCE KLM MARTINAIR Cargo (needs review) - Linked 1 jobs
[INFO] 2025-11-24 11:30:17 [SCRAPER:scraper_manager] Auto-created company mapping: Cubiq Recruitment Ltd (needs review) - Linked 1 jobs
[INFO] 2025-11-24 11:30:17 [SCRAPER:scraper_manager] Auto-created company mapping: Altitude Engineering (needs review) - Linked 1 jobs
[INFO] 2025-11-24 11:30:17 [SCRAPER:scraper_manager] Auto-created company mapping: Morson Edge (needs review) - Linked 1 jobs
[INFO] 2025-11-24 11:30:17 [SCRAPER:scraper_manager] Auto-created company mapping: Arden White (needs review) - Linked 1 jobs
[INFO] 2025-11-24 11:30:17 [SCRAPER:scraper_manager] Auto-created company mapping: Resource Group (needs review) - Linked 1 jobs
[INFO] 2025-11-24 11:30:17 [SCRAPER:scraper_manager] Auto-created company mapping: Jet2.com (needs review) - Linked 1 jobs
[INFO] 2025-11-24 11:30:17 [SCRAPER:scraper_manager] Job save stats - New: 50, Updated: 0, Duplicates: 0, Errors: 0
